<?xml version="1.0" encoding="UTF-8"?>
<testng-results ignored="0" total="1" passed="1" failed="0" skipped="0">
  <reporter-output>
  </reporter-output>
  <suite started-at="2025-09-17T18:09:34 IST" name="Default suite" finished-at="2025-09-17T18:10:15 IST" duration-ms="40955">
    <groups>
    </groups>
    <test started-at="2025-09-17T18:09:34 IST" name="Default test" finished-at="2025-09-17T18:10:15 IST" duration-ms="40955">
      <class name="tests.ShopTest">
        <test-method is-config="true" signature="setUp()[pri:0, instance:tests.ShopTest@217ed35e]" started-at="2025-09-17T18:09:34 IST" name="setUp" finished-at="2025-09-17T18:09:46 IST" duration-ms="11937" status="PASS">
          <reporter-output>
          </reporter-output>
        </test-method> <!-- setUp -->
        <test-method signature="navigateToShop()[pri:1, instance:tests.ShopTest@217ed35e]" started-at="2025-09-17T18:09:46 IST" name="navigateToShop" finished-at="2025-09-17T18:10:12 IST" duration-ms="26715" status="PASS">
          <reporter-output>
          </reporter-output>
        </test-method> <!-- navigateToShop -->
        <test-method is-config="true" signature="tearDown()[pri:0, instance:tests.ShopTest@217ed35e]" started-at="2025-09-17T18:10:12 IST" name="tearDown" finished-at="2025-09-17T18:10:15 IST" duration-ms="2176" status="PASS">
          <reporter-output>
          </reporter-output>
        </test-method> <!-- tearDown -->
      </class> <!-- tests.ShopTest -->
    </test> <!-- Default test -->
  </suite> <!-- Default suite -->
</testng-results>
