<?xml version="1.0" encoding="UTF-8"?>
<testng-results ignored="0" total="1" passed="1" failed="0" skipped="0">
  <reporter-output>
  </reporter-output>
  <suite started-at="2025-09-17T15:28:03 IST" name="Default suite" finished-at="2025-09-17T15:28:46 IST" duration-ms="43452">
    <groups>
    </groups>
    <test started-at="2025-09-17T15:28:03 IST" name="Default test" finished-at="2025-09-17T15:28:46 IST" duration-ms="43452">
      <class name="tests.ShopTest">
        <test-method is-config="true" signature="setUp()[pri:0, instance:tests.ShopTest@74235045]" started-at="2025-09-17T15:28:03 IST" name="setUp" finished-at="2025-09-17T15:28:20 IST" duration-ms="17184" status="PASS">
          <reporter-output>
          </reporter-output>
        </test-method> <!-- setUp -->
        <test-method signature="navigateToShop()[pri:1, instance:tests.ShopTest@74235045]" started-at="2025-09-17T15:28:20 IST" name="navigateToShop" finished-at="2025-09-17T15:28:44 IST" duration-ms="24293" status="PASS">
          <reporter-output>
          </reporter-output>
        </test-method> <!-- navigateToShop -->
        <test-method is-config="true" signature="tearDown()[pri:0, instance:tests.ShopTest@74235045]" started-at="2025-09-17T15:28:45 IST" name="tearDown" finished-at="2025-09-17T15:28:46 IST" duration-ms="1434" status="PASS">
          <reporter-output>
          </reporter-output>
        </test-method> <!-- tearDown -->
      </class> <!-- tests.ShopTest -->
    </test> <!-- Default test -->
  </suite> <!-- Default suite -->
</testng-results>
